<?xml version="1.0" encoding="UTF-8"?>
<!-- Generated by org.testng.reporters.JUnitXMLReporter -->
<testsuite ignored="0" hostname="DESKTOP-QNTRHOB" failures="1" tests="2" name="ChromeTest" time="41.486" errors="0" timestamp="2024-12-28T19:57:36 IST">
  <testcase classname="testCases.TC01_AccountRegistrationTest" name="verify_acount_registartion" time="13.017">
    <failure type="java.lang.AssertionError" message="null">
      <![CDATA[java.lang.AssertionError: null
at testCases.TC01_AccountRegistrationTest.verify_acount_registartion(TC01_AccountRegistrationTest.java:59)
at java.base/java.util.ArrayList.forEach(ArrayList.java:1511)
at java.base/java.util.concurrent.FutureTask.run(FutureTask.java:264)
at java.base/java.util.concurrent.ThreadPoolExecutor.runWorker(ThreadPoolExecutor.java:1136)
at java.base/java.util.concurrent.ThreadPoolExecutor$Worker.run(ThreadPoolExecutor.java:635)
at java.base/java.lang.Thread.run(Thread.java:840)
... Removed 19 stack frames]]>
    </failure>
  </testcase> <!-- verify_acount_registartion -->
  <testcase classname="testCases.TC002_LoginTest" name="verify_Login" time="3.348"/>
</testsuite> <!-- ChromeTest -->
